<?xml version="1.0" encoding="UTF-8"?>
<robot generator="Robot 6.0.1 (Python 3.10.9 on win32)" generated="20230107 23:33:52.566" rpa="false" schemaversion="3">
<suite id="s1" name="TC1" source="D:\python_projects\robot_framework\TestCases\TC1.robot">
<test id="s1-t1" name="LoginTest" line="9">
<kw name="Open Browser" library="SeleniumLibrary">
<arg>${url}</arg>
<arg>${browser}</arg>
<doc>Opens a new browser instance to the optional ``url``.</doc>
<msg timestamp="20230107 23:33:52.780" level="INFO">Opening browser 'chrome' to base url 'https://www.saucedemo.com'.</msg>
<status status="PASS" starttime="20230107 23:33:52.780" endtime="20230107 23:33:55.345"/>
</kw>
<kw name="loginToApplication">
<kw name="Input Text" library="SeleniumLibrary">
<arg>id:user-name</arg>
<arg>standard_user</arg>
<doc>Types the given ``text`` into the text field identified by ``locator``.</doc>
<msg timestamp="20230107 23:33:55.347" level="INFO">Typing text 'standard_user' into text field 'id:user-name'.</msg>
<status status="PASS" starttime="20230107 23:33:55.346" endtime="20230107 23:33:55.435"/>
</kw>
<kw name="Input Text" library="SeleniumLibrary">
<arg>id:password</arg>
<arg>secret_sauce</arg>
<doc>Types the given ``text`` into the text field identified by ``locator``.</doc>
<msg timestamp="20230107 23:33:55.435" level="INFO">Typing text 'secret_sauce' into text field 'id:password'.</msg>
<status status="PASS" starttime="20230107 23:33:55.435" endtime="20230107 23:33:55.518"/>
</kw>
<kw name="Click Element" library="SeleniumLibrary">
<arg>id:login-button</arg>
<doc>Click the element identified by ``locator``.</doc>
<msg timestamp="20230107 23:33:55.518" level="INFO">Clicking element 'id:login-button'.</msg>
<status status="PASS" starttime="20230107 23:33:55.518" endtime="20230107 23:33:55.601"/>
</kw>
<status status="PASS" starttime="20230107 23:33:55.346" endtime="20230107 23:33:55.601"/>
</kw>
<kw name="Close Browser" library="SeleniumLibrary">
<doc>Closes the current browser.</doc>
<status status="PASS" starttime="20230107 23:33:55.602" endtime="20230107 23:33:57.761"/>
</kw>
<status status="PASS" starttime="20230107 23:33:52.779" endtime="20230107 23:33:57.763"/>
</test>
<status status="PASS" starttime="20230107 23:33:52.568" endtime="20230107 23:33:57.769"/>
</suite>
<statistics>
<total>
<stat pass="1" fail="0" skip="0">All Tests</stat>
</total>
<tag>
</tag>
<suite>
<stat pass="1" fail="0" skip="0" id="s1" name="TC1">TC1</stat>
</suite>
</statistics>
<errors>
</errors>
</robot>
